SF:lib/core/database_helper.dart
DA:9,1
DA:11,1
DA:12,1
DA:16,1
DA:17,1
DA:21,1
DA:23,1
DA:24,1
DA:26,1
DA:29,1
DA:30,1
DA:35,3
DA:39,0
DA:40,0
DA:54,0
DA:55,0
DA:57,0
DA:61,0
DA:65,0
DA:72,1
DA:75,1
LF:21
LH:14
end_of_record
SF:lib/data/datasources/tv_series_remote_data_source.dart
DA:19,1
DA:21,1
DA:23,2
DA:24,1
DA:26,2
DA:28,2
DA:29,4
DA:30,3
DA:31,3
DA:33,1
DA:37,1
DA:39,2
DA:40,1
DA:42,2
DA:44,2
DA:45,4
DA:46,3
DA:47,3
DA:49,1
DA:53,1
DA:55,2
DA:56,1
DA:58,2
DA:60,2
DA:61,4
DA:62,3
DA:63,3
DA:65,1
DA:69,1
DA:71,3
DA:72,1
DA:74,2
DA:76,2
DA:77,3
DA:79,1
DA:83,1
DA:85,3
DA:86,1
DA:88,2
DA:90,2
DA:91,4
DA:92,3
DA:93,3
DA:95,1
DA:99,1
DA:101,2
DA:102,1
DA:107,2
DA:109,2
DA:110,4
DA:111,3
DA:112,3
DA:114,1
LF:53
LH:53
end_of_record
SF:lib/data/models/season_model.dart
DA:13,5
DA:23,4
DA:24,2
DA:25,2
DA:26,2
DA:27,2
DA:28,2
DA:29,2
DA:30,2
DA:33,4
DA:34,2
DA:35,2
DA:36,2
DA:37,2
DA:38,2
DA:39,2
DA:40,2
DA:43,1
DA:44,1
DA:45,1
DA:46,1
DA:47,1
DA:48,1
DA:49,1
DA:50,1
DA:51,1
DA:55,1
DA:56,1
DA:57,1
DA:58,1
DA:59,1
DA:60,1
DA:61,1
DA:62,1
DA:63,1
LF:35
LH:35
end_of_record
SF:lib/data/models/tv_series_model.dart
DA:17,5
DA:28,2
DA:29,1
DA:30,1
DA:31,1
DA:32,1
DA:33,2
DA:34,1
DA:35,1
DA:36,1
DA:37,2
DA:38,2
DA:39,3
DA:40,1
DA:41,0
DA:42,0
DA:43,0
DA:47,2
DA:48,1
DA:49,1
DA:50,1
DA:51,1
DA:52,1
DA:53,1
DA:54,1
DA:55,1
DA:56,6
DA:60,1
DA:61,1
DA:62,1
DA:63,1
DA:64,1
DA:65,1
DA:66,1
DA:67,1
DA:68,1
DA:69,1
DA:73,2
DA:74,2
DA:75,2
DA:76,2
DA:77,2
DA:78,2
DA:79,2
LF:44
LH:41
end_of_record
SF:lib/domain/entities/season.dart
DA:12,5
DA:22,1
DA:23,1
DA:24,1
DA:25,1
DA:26,1
DA:27,1
DA:28,1
DA:29,1
DA:30,1
LF:10
LH:10
end_of_record
SF:lib/domain/entities/tv_series.dart
DA:14,15
DA:25,1
DA:26,1
DA:27,1
DA:28,1
DA:29,1
DA:30,1
DA:31,1
LF:8
LH:8
end_of_record
SF:lib/data/datasources/tv_series_local_data_source.dart
DA:15,1
DA:17,1
DA:20,2
DA:21,2
DA:24,1
DA:28,1
DA:31,2
DA:32,1
DA:35,2
DA:39,1
DA:43,1
DA:45,2
DA:46,1
DA:49,1
DA:52,0
DA:53,0
DA:59,1
DA:61,2
DA:62,1
DA:63,0
LF:20
LH:17
end_of_record
SF:lib/core/failure.dart
DA:6,18
DA:8,1
DA:9,2
DA:13,6
DA:17,3
DA:21,13
LF:6
LH:6
end_of_record
SF:lib/data/repositories/tv_series_repository_impl.dart
DA:16,1
DA:21,1
DA:24,2
DA:25,5
DA:26,1
DA:29,3
DA:33,1
DA:36,2
DA:37,5
DA:38,1
DA:41,3
DA:45,1
DA:48,2
DA:49,5
DA:50,1
DA:53,3
DA:57,1
DA:60,2
DA:61,2
DA:62,1
DA:65,3
DA:69,1
DA:72,2
DA:73,5
DA:74,1
DA:77,3
DA:81,1
DA:84,2
DA:85,5
DA:86,1
DA:89,3
DA:93,1
DA:96,2
DA:97,1
DA:98,1
DA:99,1
DA:100,1
DA:101,1
DA:102,1
DA:105,1
DA:107,3
DA:111,1
DA:114,2
DA:115,1
DA:116,1
DA:117,1
DA:118,1
DA:119,1
DA:120,1
DA:123,1
DA:125,3
DA:129,1
DA:131,2
DA:135,1
DA:138,2
DA:139,5
DA:141,3
LF:57
LH:57
end_of_record
SF:lib/domain/usecases/search_tv_series.dart
DA:10,1
DA:12,1
DA:13,2
LF:3
LH:3
end_of_record
SF:lib/domain/usecases/get_tv_series_detail.dart
DA:10,1
DA:12,1
DA:13,2
LF:3
LH:3
end_of_record
SF:lib/domain/usecases/get_watchlist_tv_series.dart
DA:10,1
DA:12,1
DA:13,2
DA:16,1
DA:17,2
DA:20,1
DA:21,2
DA:24,1
DA:25,2
LF:9
LH:9
end_of_record
SF:lib/domain/usecases/get_now_playing_tv_series.dart
DA:10,1
DA:12,1
DA:13,2
LF:3
LH:3
end_of_record
SF:lib/domain/usecases/get_top_rated_tv_series.dart
DA:10,1
DA:12,1
DA:13,2
LF:3
LH:3
end_of_record
SF:lib/domain/usecases/get_popular_tv_series.dart
DA:10,1
DA:12,1
DA:13,2
LF:3
LH:3
end_of_record
SF:lib/presentation/providers/tv_series_detail_notifier.dart
DA:11,1
DA:17,2
DA:20,2
DA:23,2
DA:26,2
DA:29,2
DA:31,1
DA:32,1
DA:33,1
DA:35,2
DA:37,1
DA:38,1
DA:39,1
DA:40,2
DA:41,1
DA:43,1
DA:44,1
DA:45,1
DA:46,1
DA:51,1
DA:52,2
DA:53,1
DA:54,1
DA:57,1
DA:58,2
DA:60,1
DA:61,0
DA:62,0
DA:64,1
DA:65,1
DA:69,2
DA:72,1
DA:73,2
DA:75,1
DA:76,0
DA:77,0
DA:79,1
DA:80,1
DA:84,2
LF:39
LH:35
end_of_record
SF:lib/presentation/providers/tv_series_list_notifier.dart
DA:13,1
DA:20,2
DA:23,2
DA:26,2
DA:29,2
DA:32,2
DA:35,2
DA:38,2
DA:40,1
DA:41,1
DA:42,1
DA:44,2
DA:45,1
DA:46,1
DA:47,1
DA:48,2
DA:49,1
DA:51,1
DA:52,1
DA:53,1
DA:54,1
DA:59,1
DA:60,1
DA:61,1
DA:63,2
DA:64,1
DA:65,1
DA:66,1
DA:67,2
DA:68,1
DA:70,1
DA:71,1
DA:72,1
DA:73,1
DA:78,1
DA:79,1
DA:80,1
DA:82,2
DA:83,1
DA:84,1
DA:85,1
DA:86,2
DA:87,1
DA:89,1
DA:90,1
DA:91,1
DA:92,1
LF:47
LH:47
end_of_record
SF:lib/presentation/providers/tv_series_search_notifier.dart
DA:9,1
DA:12,2
DA:15,2
DA:18,2
DA:20,1
DA:21,1
DA:22,1
DA:24,2
DA:25,1
DA:26,1
DA:27,1
DA:28,2
DA:29,2
DA:30,1
DA:32,1
DA:33,1
DA:34,1
DA:35,1
LF:18
LH:18
end_of_record
SF:lib/presentation/providers/watchlist_tv_series_notifier.dart
DA:9,1
DA:12,2
DA:15,2
DA:18,2
DA:20,1
DA:21,1
DA:22,1
DA:24,2
DA:25,1
DA:26,1
DA:27,1
DA:28,2
DA:29,1
DA:31,1
DA:32,1
DA:33,1
DA:34,1
LF:17
LH:17
end_of_record
SF:lib/presentation/pages/tv_series_detail_page.dart
DA:12,0
DA:14,0
DA:15,0
DA:19,0
DA:21,0
DA:22,0
DA:24,0
DA:25,0
DA:26,0
DA:30,0
DA:32,0
DA:33,0
DA:34,0
DA:35,0
DA:39,0
DA:40,0
DA:41,0
DA:43,0
DA:46,0
DA:58,1
DA:60,1
DA:62,1
DA:63,1
DA:64,1
DA:65,3
DA:67,1
DA:70,0
DA:72,1
DA:74,1
DA:75,1
DA:76,1
DA:86,1
DA:87,1
DA:88,1
DA:90,1
DA:92,1
DA:94,1
DA:95,1
DA:96,2
DA:97,3
DA:101,1
DA:102,0
DA:103,0
DA:104,0
DA:107,0
DA:109,0
DA:112,0
DA:116,0
DA:119,0
DA:121,0
DA:122,0
DA:123,0
DA:124,0
DA:126,0
DA:128,0
DA:129,0
DA:130,0
DA:135,1
DA:137,1
DA:138,1
DA:146,1
DA:147,3
DA:148,3
DA:154,2
DA:155,1
DA:156,3
DA:157,3
DA:161,2
DA:162,1
DA:163,3
DA:164,3
DA:168,5
DA:170,1
DA:172,2
DA:178,1
DA:181,3
DA:182,1
DA:183,3
DA:184,1
DA:185,1
DA:186,1
DA:187,1
DA:190,2
DA:191,1
DA:196,0
DA:201,2
DA:202,1
DA:203,3
DA:209,1
DA:210,1
DA:212,3
DA:216,1
DA:217,2
DA:218,3
DA:223,1
DA:235,1
DA:237,1
DA:239,1
DA:241,0
DA:242,0
LF:100
LH:61
end_of_record
SF:lib/core/styles.dart
DA:13,3
DA:14,1
DA:15,1
DA:17,1
DA:19,1
DA:21,1
DA:23,1
DA:25,1
DA:27,1
DA:29,1
LF:10
LH:10
end_of_record
